{"/Users/fathur/Herd/Fusion-Ai/frontend/src/App.jsx": {"path":"/Users/fathur/Herd/Fusion-Ai/frontend/src/App.jsx","statementMap":{"0":{"start":{"line":8,"column":16},"end":{"line":17,"column":null}},"1":{"start":{"line":31,"column":4},"end":{"line":32,"column":null}},"2":{"start":{"line":34,"column":16},"end":{"line":34,"column":null}},"3":{"start":{"line":35,"column":19},"end":{"line":35,"column":null}},"4":{"start":{"line":36,"column":8},"end":{"line":36,"column":null}},"5":{"start":{"line":37,"column":8},"end":{"line":37,"column":null}},"6":{"start":{"line":40,"column":2},"end":{"line":42,"column":null}},"7":{"start":{"line":41,"column":4},"end":{"line":41,"column":null}},"8":{"start":{"line":45,"column":2},"end":{"line":51,"column":null}},"9":{"start":{"line":46,"column":15},"end":{"line":46,"column":null}},"10":{"start":{"line":47,"column":4},"end":{"line":50,"column":null}},"11":{"start":{"line":48,"column":6},"end":{"line":48,"column":null}},"12":{"start":{"line":49,"column":6},"end":{"line":49,"column":null}},"13":{"start":{"line":54,"column":8},"end":{"line":59,"column":null}},"14":{"start":{"line":55,"column":20},"end":{"line":55,"column":null}},"15":{"start":{"line":56,"column":4},"end":{"line":56,"column":null}},"16":{"start":{"line":56,"column":34},"end":{"line":56,"column":null}},"17":{"start":{"line":57,"column":4},"end":{"line":57,"column":null}},"18":{"start":{"line":58,"column":4},"end":{"line":58,"column":null}},"19":{"start":{"line":62,"column":8},"end":{"line":67,"column":null}},"20":{"start":{"line":63,"column":4},"end":{"line":66,"column":null}},"21":{"start":{"line":64,"column":6},"end":{"line":64,"column":null}},"22":{"start":{"line":65,"column":6},"end":{"line":65,"column":null}},"23":{"start":{"line":70,"column":8},"end":{"line":72,"column":null}},"24":{"start":{"line":71,"column":4},"end":{"line":71,"column":null}},"25":{"start":{"line":75,"column":8},"end":{"line":83,"column":null}},"26":{"start":{"line":76,"column":17},"end":{"line":76,"column":null}},"27":{"start":{"line":77,"column":16},"end":{"line":77,"column":null}},"28":{"start":{"line":78,"column":14},"end":{"line":78,"column":null}},"29":{"start":{"line":79,"column":4},"end":{"line":79,"column":null}},"30":{"start":{"line":80,"column":4},"end":{"line":80,"column":null}},"31":{"start":{"line":81,"column":4},"end":{"line":81,"column":null}},"32":{"start":{"line":82,"column":4},"end":{"line":82,"column":null}},"33":{"start":{"line":86,"column":8},"end":{"line":89,"column":null}},"34":{"start":{"line":87,"column":4},"end":{"line":87,"column":null}},"35":{"start":{"line":87,"column":22},"end":{"line":87,"column":null}},"36":{"start":{"line":88,"column":4},"end":{"line":88,"column":null}},"37":{"start":{"line":92,"column":8},"end":{"line":97,"column":null}},"38":{"start":{"line":93,"column":24},"end":{"line":93,"column":null}},"39":{"start":{"line":93,"column":60},"end":{"line":93,"column":77}},"40":{"start":{"line":94,"column":4},"end":{"line":96,"column":null}},"41":{"start":{"line":95,"column":6},"end":{"line":95,"column":null}},"42":{"start":{"line":100,"column":22},"end":{"line":100,"column":null}},"43":{"start":{"line":102,"column":2},"end":{"line":286,"column":null}},"44":{"start":{"line":150,"column":16},"end":{"line":157,"column":null}},"45":{"start":{"line":153,"column":33},"end":{"line":153,"column":null}},"46":{"start":{"line":165,"column":14},"end":{"line":215,"column":null}},"47":{"start":{"line":185,"column":41},"end":{"line":185,"column":null}},"48":{"start":{"line":192,"column":41},"end":{"line":192,"column":null}},"49":{"start":{"line":199,"column":41},"end":{"line":199,"column":null}},"50":{"start":{"line":241,"column":29},"end":{"line":241,"column":null}},"51":{"start":{"line":255,"column":29},"end":{"line":255,"column":null}}},"fnMap":{"0":{"name":"App","decl":{"start":{"line":22,"column":9},"end":{"line":22,"column":15}},"loc":{"start":{"line":22,"column":15},"end":{"line":288,"column":null}},"line":22},"1":{"name":"(anonymous_1)","decl":{"start":{"line":40,"column":2},"end":{"line":40,"column":18}},"loc":{"start":{"line":40,"column":18},"end":{"line":42,"column":5}},"line":40},"2":{"name":"(anonymous_2)","decl":{"start":{"line":45,"column":2},"end":{"line":45,"column":18}},"loc":{"start":{"line":45,"column":18},"end":{"line":51,"column":5}},"line":45},"3":{"name":"(anonymous_3)","decl":{"start":{"line":54,"column":23},"end":{"line":54,"column":41}},"loc":{"start":{"line":54,"column":41},"end":{"line":59,"column":5}},"line":54},"4":{"name":"(anonymous_4)","decl":{"start":{"line":62,"column":8},"end":{"line":62,"column":25}},"loc":{"start":{"line":62,"column":31},"end":{"line":67,"column":null}},"line":62},"5":{"name":"(anonymous_5)","decl":{"start":{"line":70,"column":8},"end":{"line":70,"column":20}},"loc":{"start":{"line":70,"column":29},"end":{"line":72,"column":null}},"line":70},"6":{"name":"(anonymous_6)","decl":{"start":{"line":75,"column":8},"end":{"line":75,"column":24}},"loc":{"start":{"line":75,"column":33},"end":{"line":83,"column":null}},"line":75},"7":{"name":"(anonymous_7)","decl":{"start":{"line":86,"column":8},"end":{"line":86,"column":24}},"loc":{"start":{"line":86,"column":35},"end":{"line":89,"column":null}},"line":86},"8":{"name":"(anonymous_8)","decl":{"start":{"line":92,"column":22},"end":{"line":92,"column":40}},"loc":{"start":{"line":92,"column":40},"end":{"line":97,"column":5}},"line":92},"9":{"name":"(anonymous_9)","decl":{"start":{"line":93,"column":48},"end":{"line":93,"column":54}},"loc":{"start":{"line":93,"column":60},"end":{"line":93,"column":77}},"line":93},"10":{"name":"(anonymous_10)","decl":{"start":{"line":149,"column":23},"end":{"line":149,"column":28}},"loc":{"start":{"line":150,"column":16},"end":{"line":157,"column":null}},"line":150},"11":{"name":"(anonymous_11)","decl":{"start":{"line":153,"column":18},"end":{"line":153,"column":33}},"loc":{"start":{"line":153,"column":33},"end":{"line":153,"column":null}},"line":153},"12":{"name":"(anonymous_12)","decl":{"start":{"line":164,"column":22},"end":{"line":164,"column":27}},"loc":{"start":{"line":165,"column":14},"end":{"line":215,"column":null}},"line":165},"13":{"name":"(anonymous_13)","decl":{"start":{"line":185,"column":26},"end":{"line":185,"column":41}},"loc":{"start":{"line":185,"column":41},"end":{"line":185,"column":null}},"line":185},"14":{"name":"(anonymous_14)","decl":{"start":{"line":192,"column":26},"end":{"line":192,"column":41}},"loc":{"start":{"line":192,"column":41},"end":{"line":192,"column":null}},"line":192},"15":{"name":"(anonymous_15)","decl":{"start":{"line":199,"column":26},"end":{"line":199,"column":41}},"loc":{"start":{"line":199,"column":41},"end":{"line":199,"column":null}},"line":199},"16":{"name":"(anonymous_16)","decl":{"start":{"line":241,"column":14},"end":{"line":241,"column":29}},"loc":{"start":{"line":241,"column":29},"end":{"line":241,"column":null}},"line":241},"17":{"name":"(anonymous_17)","decl":{"start":{"line":255,"column":12},"end":{"line":255,"column":23}},"loc":{"start":{"line":255,"column":29},"end":{"line":255,"column":null}},"line":255}},"branchMap":{"0":{"loc":{"start":{"line":47,"column":4},"end":{"line":50,"column":null}},"type":"if","locations":[{"start":{"line":47,"column":4},"end":{"line":50,"column":null}},{"start":{},"end":{}}],"line":47},"1":{"loc":{"start":{"line":56,"column":4},"end":{"line":56,"column":null}},"type":"if","locations":[{"start":{"line":56,"column":4},"end":{"line":56,"column":null}},{"start":{},"end":{}}],"line":56},"2":{"loc":{"start":{"line":56,"column":8},"end":{"line":56,"column":34}},"type":"binary-expr","locations":[{"start":{"line":56,"column":8},"end":{"line":56,"column":20}},{"start":{"line":56,"column":20},"end":{"line":56,"column":34}}],"line":56},"3":{"loc":{"start":{"line":63,"column":4},"end":{"line":66,"column":null}},"type":"if","locations":[{"start":{"line":63,"column":4},"end":{"line":66,"column":null}},{"start":{},"end":{}}],"line":63},"4":{"loc":{"start":{"line":63,"column":8},"end":{"line":63,"column":42}},"type":"binary-expr","locations":[{"start":{"line":63,"column":8},"end":{"line":63,"column":29}},{"start":{"line":63,"column":29},"end":{"line":63,"column":42}}],"line":63},"5":{"loc":{"start":{"line":87,"column":4},"end":{"line":87,"column":null}},"type":"if","locations":[{"start":{"line":87,"column":4},"end":{"line":87,"column":null}},{"start":{},"end":{}}],"line":87},"6":{"loc":{"start":{"line":94,"column":4},"end":{"line":96,"column":null}},"type":"if","locations":[{"start":{"line":94,"column":4},"end":{"line":96,"column":null}},{"start":{},"end":{}}],"line":94},"7":{"loc":{"start":{"line":94,"column":8},"end":{"line":94,"column":38}},"type":"binary-expr","locations":[{"start":{"line":94,"column":8},"end":{"line":94,"column":23}},{"start":{"line":94,"column":23},"end":{"line":94,"column":38}}],"line":94},"8":{"loc":{"start":{"line":100,"column":22},"end":{"line":100,"column":null}},"type":"binary-expr","locations":[{"start":{"line":100,"column":22},"end":{"line":100,"column":45}},{"start":{"line":100,"column":45},"end":{"line":100,"column":null}}],"line":100},"9":{"loc":{"start":{"line":116,"column":11},"end":{"line":119,"column":null}},"type":"binary-expr","locations":[{"start":{"line":116,"column":11},"end":{"line":116,"column":null}},{"start":{"line":117,"column":12},"end":{"line":119,"column":null}}],"line":116},"10":{"loc":{"start":{"line":123,"column":41},"end":{"line":123,"column":null}},"type":"cond-expr","locations":[{"start":{"line":123,"column":55},"end":{"line":123,"column":69}},{"start":{"line":123,"column":69},"end":{"line":123,"column":null}}],"line":123},"11":{"loc":{"start":{"line":124,"column":42},"end":{"line":124,"column":87}},"type":"cond-expr","locations":[{"start":{"line":124,"column":56},"end":{"line":124,"column":67}},{"start":{"line":124,"column":67},"end":{"line":124,"column":87}}],"line":124},"12":{"loc":{"start":{"line":129,"column":41},"end":{"line":129,"column":null}},"type":"cond-expr","locations":[{"start":{"line":129,"column":59},"end":{"line":129,"column":73}},{"start":{"line":129,"column":73},"end":{"line":129,"column":null}}],"line":129},"13":{"loc":{"start":{"line":130,"column":42},"end":{"line":130,"column":91}},"type":"cond-expr","locations":[{"start":{"line":130,"column":60},"end":{"line":130,"column":71}},{"start":{"line":130,"column":71},"end":{"line":130,"column":91}}],"line":130},"14":{"loc":{"start":{"line":138,"column":9},"end":{"line":232,"column":9}},"type":"cond-expr","locations":[{"start":{"line":140,"column":10},"end":{"line":163,"column":null}},{"start":{"line":163,"column":10},"end":{"line":232,"column":9}}],"line":138},"15":{"loc":{"start":{"line":166,"column":17},"end":{"line":167,"column":null}},"type":"binary-expr","locations":[{"start":{"line":166,"column":17},"end":{"line":166,"column":null}},{"start":{"line":167,"column":18},"end":{"line":167,"column":null}}],"line":166},"16":{"loc":{"start":{"line":170,"column":17},"end":{"line":175,"column":null}},"type":"binary-expr","locations":[{"start":{"line":170,"column":17},"end":{"line":170,"column":null}},{"start":{"line":171,"column":18},"end":{"line":175,"column":null}}],"line":170},"17":{"loc":{"start":{"line":178,"column":17},"end":{"line":206,"column":null}},"type":"binary-expr","locations":[{"start":{"line":178,"column":17},"end":{"line":178,"column":null}},{"start":{"line":179,"column":18},"end":{"line":206,"column":null}}],"line":178},"18":{"loc":{"start":{"line":209,"column":17},"end":{"line":213,"column":null}},"type":"binary-expr","locations":[{"start":{"line":209,"column":17},"end":{"line":209,"column":null}},{"start":{"line":210,"column":18},"end":{"line":213,"column":null}}],"line":209},"19":{"loc":{"start":{"line":219,"column":13},"end":{"line":230,"column":null}},"type":"binary-expr","locations":[{"start":{"line":219,"column":13},"end":{"line":219,"column":null}},{"start":{"line":220,"column":14},"end":{"line":230,"column":null}}],"line":219},"20":{"loc":{"start":{"line":225,"column":21},"end":{"line":225,"column":null}},"type":"binary-expr","locations":[{"start":{"line":225,"column":21},"end":{"line":225,"column":44}},{"start":{"line":225,"column":44},"end":{"line":225,"column":null}}],"line":225},"21":{"loc":{"start":{"line":240,"column":40},"end":{"line":240,"column":null}},"type":"cond-expr","locations":[{"start":{"line":240,"column":51},"end":{"line":240,"column":62}},{"start":{"line":240,"column":62},"end":{"line":240,"column":null}}],"line":240},"22":{"loc":{"start":{"line":263,"column":22},"end":{"line":263,"column":null}},"type":"binary-expr","locations":[{"start":{"line":263,"column":22},"end":{"line":263,"column":39}},{"start":{"line":263,"column":39},"end":{"line":263,"column":null}}],"line":263},"23":{"loc":{"start":{"line":266,"column":13},"end":{"line":266,"column":null}},"type":"cond-expr","locations":[{"start":{"line":266,"column":28},"end":{"line":266,"column":36}},{"start":{"line":266,"column":36},"end":{"line":266,"column":null}}],"line":266},"24":{"loc":{"start":{"line":271,"column":9},"end":{"line":282,"column":null}},"type":"binary-expr","locations":[{"start":{"line":271,"column":9},"end":{"line":271,"column":null}},{"start":{"line":272,"column":10},"end":{"line":282,"column":null}}],"line":271},"25":{"loc":{"start":{"line":273,"column":13},"end":{"line":273,"column":null}},"type":"binary-expr","locations":[{"start":{"line":273,"column":13},"end":{"line":273,"column":48}},{"start":{"line":273,"column":48},"end":{"line":273,"column":null}}],"line":273},"26":{"loc":{"start":{"line":274,"column":13},"end":{"line":274,"column":null}},"type":"binary-expr","locations":[{"start":{"line":274,"column":13},"end":{"line":274,"column":46}},{"start":{"line":274,"column":46},"end":{"line":274,"column":null}}],"line":274},"27":{"loc":{"start":{"line":275,"column":13},"end":{"line":275,"column":null}},"type":"binary-expr","locations":[{"start":{"line":275,"column":13},"end":{"line":275,"column":48}},{"start":{"line":275,"column":48},"end":{"line":275,"column":null}}],"line":275},"28":{"loc":{"start":{"line":277,"column":13},"end":{"line":280,"column":null}},"type":"binary-expr","locations":[{"start":{"line":277,"column":13},"end":{"line":277,"column":46}},{"start":{"line":277,"column":46},"end":{"line":277,"column":null}},{"start":{"line":278,"column":14},"end":{"line":280,"column":null}}],"line":277}},"s":{"0":1,"1":6,"2":6,"3":6,"4":6,"5":6,"6":6,"7":6,"8":6,"9":6,"10":6,"11":6,"12":6,"13":6,"14":0,"15":0,"16":0,"17":0,"18":0,"19":6,"20":0,"21":0,"22":0,"23":6,"24":0,"25":6,"26":0,"27":0,"28":0,"29":0,"30":0,"31":0,"32":0,"33":6,"34":0,"35":0,"36":0,"37":6,"38":0,"39":0,"40":0,"41":0,"42":6,"43":6,"44":48,"45":0,"46":0,"47":0,"48":0,"49":0,"50":0,"51":0},"f":{"0":6,"1":6,"2":6,"3":0,"4":0,"5":0,"6":0,"7":0,"8":0,"9":0,"10":48,"11":0,"12":0,"13":0,"14":0,"15":0,"16":0,"17":0},"b":{"0":[6,0],"1":[0,0],"2":[0,0],"3":[0,0],"4":[0,0],"5":[0,0],"6":[0,0],"7":[0,0],"8":[6,6],"9":[6,0],"10":[6,0],"11":[6,0],"12":[0,6],"13":[0,6],"14":[6,0],"15":[0,0],"16":[0,0],"17":[0,0],"18":[0,0],"19":[0,0],"20":[0,0],"21":[0,6],"22":[6,0],"23":[0,6],"24":[6,0],"25":[0,0],"26":[0,0],"27":[0,0],"28":[0,0,0]},"meta":{"lastBranch":29,"lastFunction":18,"lastStatement":52,"seen":{"s:8:16:17:Infinity":0,"f:22:9:22:15":0,"s:31:4:32:Infinity":1,"s:34:16:34:Infinity":2,"s:35:19:35:Infinity":3,"s:36:8:36:Infinity":4,"s:37:8:37:Infinity":5,"s:40:2:42:Infinity":6,"f:40:2:40:18":1,"s:41:4:41:Infinity":7,"s:45:2:51:Infinity":8,"f:45:2:45:18":2,"s:46:15:46:Infinity":9,"b:47:4:50:Infinity:undefined:undefined:undefined:undefined":0,"s:47:4:50:Infinity":10,"s:48:6:48:Infinity":11,"s:49:6:49:Infinity":12,"s:54:8:59:Infinity":13,"f:54:23:54:41":3,"s:55:20:55:Infinity":14,"b:56:4:56:Infinity:undefined:undefined:undefined:undefined":1,"s:56:4:56:Infinity":15,"b:56:8:56:20:56:20:56:34":2,"s:56:34:56:Infinity":16,"s:57:4:57:Infinity":17,"s:58:4:58:Infinity":18,"s:62:8:67:Infinity":19,"f:62:8:62:25":4,"b:63:4:66:Infinity:undefined:undefined:undefined:undefined":3,"s:63:4:66:Infinity":20,"b:63:8:63:29:63:29:63:42":4,"s:64:6:64:Infinity":21,"s:65:6:65:Infinity":22,"s:70:8:72:Infinity":23,"f:70:8:70:20":5,"s:71:4:71:Infinity":24,"s:75:8:83:Infinity":25,"f:75:8:75:24":6,"s:76:17:76:Infinity":26,"s:77:16:77:Infinity":27,"s:78:14:78:Infinity":28,"s:79:4:79:Infinity":29,"s:80:4:80:Infinity":30,"s:81:4:81:Infinity":31,"s:82:4:82:Infinity":32,"s:86:8:89:Infinity":33,"f:86:8:86:24":7,"b:87:4:87:Infinity:undefined:undefined:undefined:undefined":5,"s:87:4:87:Infinity":34,"s:87:22:87:Infinity":35,"s:88:4:88:Infinity":36,"s:92:8:97:Infinity":37,"f:92:22:92:40":8,"s:93:24:93:Infinity":38,"f:93:48:93:54":9,"s:93:60:93:77":39,"b:94:4:96:Infinity:undefined:undefined:undefined:undefined":6,"s:94:4:96:Infinity":40,"b:94:8:94:23:94:23:94:38":7,"s:95:6:95:Infinity":41,"s:100:22:100:Infinity":42,"b:100:22:100:45:100:45:100:Infinity":8,"s:102:2:286:Infinity":43,"b:116:11:116:Infinity:117:12:119:Infinity":9,"b:123:55:123:69:123:69:123:Infinity":10,"b:124:56:124:67:124:67:124:87":11,"b:129:59:129:73:129:73:129:Infinity":12,"b:130:60:130:71:130:71:130:91":13,"b:140:10:163:Infinity:163:10:232:9":14,"f:149:23:149:28":10,"s:150:16:157:Infinity":44,"f:153:18:153:33":11,"s:153:33:153:Infinity":45,"f:164:22:164:27":12,"s:165:14:215:Infinity":46,"b:166:17:166:Infinity:167:18:167:Infinity":15,"b:170:17:170:Infinity:171:18:175:Infinity":16,"b:178:17:178:Infinity:179:18:206:Infinity":17,"f:185:26:185:41":13,"s:185:41:185:Infinity":47,"f:192:26:192:41":14,"s:192:41:192:Infinity":48,"f:199:26:199:41":15,"s:199:41:199:Infinity":49,"b:209:17:209:Infinity:210:18:213:Infinity":18,"b:219:13:219:Infinity:220:14:230:Infinity":19,"b:225:21:225:44:225:44:225:Infinity":20,"b:240:51:240:62:240:62:240:Infinity":21,"f:241:14:241:29":16,"s:241:29:241:Infinity":50,"f:255:12:255:23":17,"s:255:29:255:Infinity":51,"b:263:22:263:39:263:39:263:Infinity":22,"b:266:28:266:36:266:36:266:Infinity":23,"b:271:9:271:Infinity:272:10:282:Infinity":24,"b:273:13:273:48:273:48:273:Infinity":25,"b:274:13:274:46:274:46:274:Infinity":26,"b:275:13:275:48:275:48:275:Infinity":27,"b:277:13:277:46:277:46:277:Infinity:278:14:280:Infinity":28},"fnNames":{}}}
,"/Users/fathur/Herd/Fusion-Ai/frontend/src/hooks/useFusion.js": {"path":"/Users/fathur/Herd/Fusion-Ai/frontend/src/hooks/useFusion.js","statementMap":{"0":{"start":{"line":3,"column":15},"end":{"line":3,"column":null}},"1":{"start":{"line":4,"column":16},"end":{"line":4,"column":null}},"2":{"start":{"line":5,"column":30},"end":{"line":5,"column":null}},"3":{"start":{"line":11,"column":8},"end":{"line":11,"column":null}},"4":{"start":{"line":12,"column":8},"end":{"line":12,"column":null}},"5":{"start":{"line":13,"column":8},"end":{"line":13,"column":null}},"6":{"start":{"line":16,"column":22},"end":{"line":16,"column":null}},"7":{"start":{"line":17,"column":26},"end":{"line":17,"column":null}},"8":{"start":{"line":20,"column":23},"end":{"line":20,"column":null}},"9":{"start":{"line":21,"column":21},"end":{"line":21,"column":null}},"10":{"start":{"line":24,"column":19},"end":{"line":24,"column":null}},"11":{"start":{"line":27,"column":8},"end":{"line":118,"column":null}},"12":{"start":{"line":28,"column":4},"end":{"line":28,"column":null}},"13":{"start":{"line":28,"column":54},"end":{"line":28,"column":null}},"14":{"start":{"line":30,"column":15},"end":{"line":30,"column":null}},"15":{"start":{"line":32,"column":4},"end":{"line":35,"column":null}},"16":{"start":{"line":33,"column":6},"end":{"line":33,"column":null}},"17":{"start":{"line":34,"column":6},"end":{"line":34,"column":null}},"18":{"start":{"line":37,"column":4},"end":{"line":41,"column":null}},"19":{"start":{"line":38,"column":6},"end":{"line":38,"column":null}},"20":{"start":{"line":39,"column":6},"end":{"line":39,"column":null}},"21":{"start":{"line":40,"column":6},"end":{"line":40,"column":null}},"22":{"start":{"line":43,"column":4},"end":{"line":45,"column":null}},"23":{"start":{"line":44,"column":6},"end":{"line":44,"column":null}},"24":{"start":{"line":47,"column":4},"end":{"line":115,"column":null}},"25":{"start":{"line":48,"column":19},"end":{"line":48,"column":null}},"26":{"start":{"line":50,"column":6},"end":{"line":114,"column":null}},"27":{"start":{"line":52,"column":10},"end":{"line":52,"column":null}},"28":{"start":{"line":53,"column":10},"end":{"line":53,"column":null}},"29":{"start":{"line":55,"column":10},"end":{"line":55,"column":null}},"30":{"start":{"line":56,"column":10},"end":{"line":59,"column":null}},"31":{"start":{"line":57,"column":12},"end":{"line":57,"column":null}},"32":{"start":{"line":58,"column":12},"end":{"line":58,"column":null}},"33":{"start":{"line":60,"column":10},"end":{"line":60,"column":null}},"34":{"start":{"line":63,"column":10},"end":{"line":63,"column":null}},"35":{"start":{"line":64,"column":10},"end":{"line":64,"column":null}},"36":{"start":{"line":67,"column":10},"end":{"line":67,"column":null}},"37":{"start":{"line":68,"column":10},"end":{"line":68,"column":null}},"38":{"start":{"line":71,"column":10},"end":{"line":71,"column":null}},"39":{"start":{"line":72,"column":10},"end":{"line":72,"column":null}},"40":{"start":{"line":75,"column":10},"end":{"line":78,"column":null}},"41":{"start":{"line":75,"column":32},"end":{"line":78,"column":11}},"42":{"start":{"line":79,"column":10},"end":{"line":79,"column":null}},"43":{"start":{"line":82,"column":10},"end":{"line":82,"column":null}},"44":{"start":{"line":83,"column":10},"end":{"line":83,"column":null}},"45":{"start":{"line":86,"column":10},"end":{"line":89,"column":null}},"46":{"start":{"line":90,"column":10},"end":{"line":90,"column":null}},"47":{"start":{"line":93,"column":10},"end":{"line":93,"column":null}},"48":{"start":{"line":94,"column":10},"end":{"line":94,"column":null}},"49":{"start":{"line":97,"column":10},"end":{"line":97,"column":null}},"50":{"start":{"line":98,"column":10},"end":{"line":98,"column":null}},"51":{"start":{"line":99,"column":10},"end":{"line":99,"column":null}},"52":{"start":{"line":99,"column":34},"end":{"line":99,"column":86}},"53":{"start":{"line":100,"column":10},"end":{"line":100,"column":null}},"54":{"start":{"line":103,"column":10},"end":{"line":103,"column":null}},"55":{"start":{"line":104,"column":10},"end":{"line":104,"column":null}},"56":{"start":{"line":105,"column":10},"end":{"line":105,"column":null}},"57":{"start":{"line":106,"column":10},"end":{"line":109,"column":null}},"58":{"start":{"line":106,"column":32},"end":{"line":109,"column":11}},"59":{"start":{"line":110,"column":10},"end":{"line":110,"column":null}},"60":{"start":{"line":113,"column":10},"end":{"line":113,"column":null}},"61":{"start":{"line":117,"column":4},"end":{"line":117,"column":null}},"62":{"start":{"line":121,"column":8},"end":{"line":126,"column":null}},"63":{"start":{"line":122,"column":4},"end":{"line":122,"column":null}},"64":{"start":{"line":123,"column":4},"end":{"line":123,"column":null}},"65":{"start":{"line":124,"column":4},"end":{"line":124,"column":null}},"66":{"start":{"line":125,"column":4},"end":{"line":125,"column":null}},"67":{"start":{"line":129,"column":8},"end":{"line":148,"column":null}},"68":{"start":{"line":131,"column":6},"end":{"line":134,"column":null}},"69":{"start":{"line":132,"column":8},"end":{"line":132,"column":null}},"70":{"start":{"line":133,"column":8},"end":{"line":133,"column":null}},"71":{"start":{"line":137,"column":6},"end":{"line":140,"column":null}},"72":{"start":{"line":137,"column":28},"end":{"line":140,"column":7}},"73":{"start":{"line":142,"column":6},"end":{"line":142,"column":null}},"74":{"start":{"line":143,"column":6},"end":{"line":143,"column":null}},"75":{"start":{"line":145,"column":6},"end":{"line":145,"column":null}},"76":{"start":{"line":151,"column":8},"end":{"line":197,"column":null}},"77":{"start":{"line":152,"column":4},"end":{"line":152,"column":null}},"78":{"start":{"line":153,"column":4},"end":{"line":196,"column":null}},"79":{"start":{"line":154,"column":18},"end":{"line":154,"column":null}},"80":{"start":{"line":155,"column":6},"end":{"line":155,"column":null}},"81":{"start":{"line":156,"column":22},"end":{"line":160,"column":null}},"82":{"start":{"line":162,"column":6},"end":{"line":162,"column":null}},"83":{"start":{"line":164,"column":6},"end":{"line":172,"column":null}},"84":{"start":{"line":165,"column":21},"end":{"line":165,"column":null}},"85":{"start":{"line":166,"column":8},"end":{"line":166,"column":null}},"86":{"start":{"line":167,"column":8},"end":{"line":170,"column":null}},"87":{"start":{"line":171,"column":8},"end":{"line":171,"column":null}},"88":{"start":{"line":174,"column":26},"end":{"line":174,"column":null}},"89":{"start":{"line":175,"column":6},"end":{"line":183,"column":null}},"90":{"start":{"line":176,"column":21},"end":{"line":176,"column":null}},"91":{"start":{"line":177,"column":8},"end":{"line":177,"column":null}},"92":{"start":{"line":178,"column":8},"end":{"line":181,"column":null}},"93":{"start":{"line":182,"column":8},"end":{"line":182,"column":null}},"94":{"start":{"line":185,"column":21},"end":{"line":185,"column":null}},"95":{"start":{"line":186,"column":6},"end":{"line":189,"column":null}},"96":{"start":{"line":191,"column":6},"end":{"line":191,"column":null}},"97":{"start":{"line":192,"column":6},"end":{"line":195,"column":null}},"98":{"start":{"line":200,"column":2},"end":{"line":214,"column":null}},"99":{"start":{"line":201,"column":17},"end":{"line":209,"column":null}},"100":{"start":{"line":202,"column":6},"end":{"line":208,"column":null}},"101":{"start":{"line":203,"column":20},"end":{"line":203,"column":null}},"102":{"start":{"line":204,"column":21},"end":{"line":204,"column":null}},"103":{"start":{"line":205,"column":8},"end":{"line":205,"column":null}},"104":{"start":{"line":207,"column":8},"end":{"line":207,"column":null}},"105":{"start":{"line":211,"column":4},"end":{"line":211,"column":null}},"106":{"start":{"line":212,"column":21},"end":{"line":212,"column":null}},"107":{"start":{"line":213,"column":4},"end":{"line":213,"column":null}},"108":{"start":{"line":213,"column":17},"end":{"line":213,"column":null}},"109":{"start":{"line":217,"column":2},"end":{"line":227,"column":null}},"110":{"start":{"line":218,"column":4},"end":{"line":218,"column":null}},"111":{"start":{"line":219,"column":4},"end":{"line":226,"column":null}},"112":{"start":{"line":220,"column":6},"end":{"line":220,"column":null}},"113":{"start":{"line":221,"column":6},"end":{"line":221,"column":null}},"114":{"start":{"line":222,"column":6},"end":{"line":225,"column":null}},"115":{"start":{"line":223,"column":8},"end":{"line":223,"column":null}},"116":{"start":{"line":224,"column":8},"end":{"line":224,"column":null}},"117":{"start":{"line":229,"column":2},"end":{"line":239,"column":null}}},"fnMap":{"0":{"name":"useFusion","decl":{"start":{"line":10,"column":16},"end":{"line":10,"column":28}},"loc":{"start":{"line":10,"column":28},"end":{"line":240,"column":null}},"line":10},"1":{"name":"(anonymous_1)","decl":{"start":{"line":27,"column":20},"end":{"line":27,"column":38}},"loc":{"start":{"line":27,"column":38},"end":{"line":118,"column":5}},"line":27},"2":{"name":"(anonymous_2)","decl":{"start":{"line":32,"column":7},"end":{"line":32,"column":22}},"loc":{"start":{"line":32,"column":22},"end":{"line":35,"column":null}},"line":32},"3":{"name":"(anonymous_3)","decl":{"start":{"line":37,"column":7},"end":{"line":37,"column":23}},"loc":{"start":{"line":37,"column":23},"end":{"line":41,"column":null}},"line":37},"4":{"name":"(anonymous_4)","decl":{"start":{"line":43,"column":7},"end":{"line":43,"column":23}},"loc":{"start":{"line":43,"column":23},"end":{"line":45,"column":null}},"line":43},"5":{"name":"(anonymous_5)","decl":{"start":{"line":47,"column":7},"end":{"line":47,"column":20}},"loc":{"start":{"line":47,"column":30},"end":{"line":115,"column":null}},"line":47},"6":{"name":"(anonymous_6)","decl":{"start":{"line":56,"column":36},"end":{"line":56,"column":53}},"loc":{"start":{"line":56,"column":53},"end":{"line":59,"column":13}},"line":56},"7":{"name":"(anonymous_7)","decl":{"start":{"line":75,"column":10},"end":{"line":75,"column":23}},"loc":{"start":{"line":75,"column":32},"end":{"line":78,"column":11}},"line":75},"8":{"name":"(anonymous_8)","decl":{"start":{"line":99,"column":10},"end":{"line":99,"column":25}},"loc":{"start":{"line":99,"column":34},"end":{"line":99,"column":86}},"line":99},"9":{"name":"(anonymous_9)","decl":{"start":{"line":106,"column":10},"end":{"line":106,"column":23}},"loc":{"start":{"line":106,"column":32},"end":{"line":109,"column":11}},"line":106},"10":{"name":"(anonymous_10)","decl":{"start":{"line":121,"column":20},"end":{"line":121,"column":38}},"loc":{"start":{"line":121,"column":38},"end":{"line":126,"column":5}},"line":121},"11":{"name":"(anonymous_11)","decl":{"start":{"line":129,"column":21},"end":{"line":129,"column":null}},"loc":{"start":{"line":130,"column":34},"end":{"line":146,"column":null}},"line":130},"12":{"name":"(anonymous_12)","decl":{"start":{"line":137,"column":6},"end":{"line":137,"column":19}},"loc":{"start":{"line":137,"column":28},"end":{"line":140,"column":7}},"line":137},"13":{"name":"(anonymous_13)","decl":{"start":{"line":151,"column":35},"end":{"line":151,"column":42}},"loc":{"start":{"line":151,"column":51},"end":{"line":197,"column":5}},"line":151},"14":{"name":"(anonymous_14)","decl":{"start":{"line":200,"column":2},"end":{"line":200,"column":18}},"loc":{"start":{"line":200,"column":18},"end":{"line":214,"column":5}},"line":200},"15":{"name":"(anonymous_15)","decl":{"start":{"line":201,"column":17},"end":{"line":201,"column":29}},"loc":{"start":{"line":201,"column":29},"end":{"line":209,"column":null}},"line":201},"16":{"name":"(anonymous_16)","decl":{"start":{"line":213,"column":4},"end":{"line":213,"column":17}},"loc":{"start":{"line":213,"column":17},"end":{"line":213,"column":null}},"line":213},"17":{"name":"(anonymous_17)","decl":{"start":{"line":217,"column":2},"end":{"line":217,"column":18}},"loc":{"start":{"line":217,"column":18},"end":{"line":227,"column":5}},"line":217},"18":{"name":"(anonymous_18)","decl":{"start":{"line":219,"column":4},"end":{"line":219,"column":17}},"loc":{"start":{"line":219,"column":17},"end":{"line":226,"column":null}},"line":219}},"branchMap":{"0":{"loc":{"start":{"line":28,"column":4},"end":{"line":28,"column":null}},"type":"if","locations":[{"start":{"line":28,"column":4},"end":{"line":28,"column":null}},{"start":{},"end":{}}],"line":28},"1":{"loc":{"start":{"line":50,"column":6},"end":{"line":114,"column":null}},"type":"switch","locations":[{"start":{"line":51,"column":8},"end":{"line":60,"column":null}},{"start":{"line":62,"column":8},"end":{"line":64,"column":null}},{"start":{"line":66,"column":8},"end":{"line":68,"column":null}},{"start":{"line":70,"column":8},"end":{"line":72,"column":null}},{"start":{"line":74,"column":8},"end":{"line":79,"column":null}},{"start":{"line":81,"column":8},"end":{"line":83,"column":null}},{"start":{"line":85,"column":8},"end":{"line":90,"column":null}},{"start":{"line":92,"column":8},"end":{"line":94,"column":null}},{"start":{"line":96,"column":8},"end":{"line":100,"column":null}},{"start":{"line":102,"column":8},"end":{"line":110,"column":null}},{"start":{"line":112,"column":8},"end":{"line":113,"column":null}}],"line":50},"2":{"loc":{"start":{"line":87,"column":20},"end":{"line":87,"column":null}},"type":"cond-expr","locations":[{"start":{"line":87,"column":35},"end":{"line":87,"column":47}},{"start":{"line":87,"column":47},"end":{"line":87,"column":null}}],"line":87},"3":{"loc":{"start":{"line":99,"column":34},"end":{"line":99,"column":86}},"type":"binary-expr","locations":[{"start":{"line":99,"column":34},"end":{"line":99,"column":42}},{"start":{"line":99,"column":42},"end":{"line":99,"column":86}}],"line":99},"4":{"loc":{"start":{"line":130,"column":13},"end":{"line":130,"column":34}},"type":"default-arg","locations":[{"start":{"line":130,"column":24},"end":{"line":130,"column":34}}],"line":130},"5":{"loc":{"start":{"line":131,"column":6},"end":{"line":134,"column":null}},"type":"if","locations":[{"start":{"line":131,"column":6},"end":{"line":134,"column":null}},{"start":{},"end":{}}],"line":131},"6":{"loc":{"start":{"line":131,"column":10},"end":{"line":131,"column":73}},"type":"binary-expr","locations":[{"start":{"line":131,"column":10},"end":{"line":131,"column":28}},{"start":{"line":131,"column":28},"end":{"line":131,"column":73}}],"line":131},"7":{"loc":{"start":{"line":164,"column":6},"end":{"line":172,"column":null}},"type":"if","locations":[{"start":{"line":164,"column":6},"end":{"line":172,"column":null}},{"start":{},"end":{}}],"line":164},"8":{"loc":{"start":{"line":174,"column":26},"end":{"line":174,"column":null}},"type":"binary-expr","locations":[{"start":{"line":174,"column":26},"end":{"line":174,"column":65}},{"start":{"line":174,"column":65},"end":{"line":174,"column":null}}],"line":174},"9":{"loc":{"start":{"line":175,"column":6},"end":{"line":183,"column":null}},"type":"if","locations":[{"start":{"line":175,"column":6},"end":{"line":183,"column":null}},{"start":{},"end":{}}],"line":175},"10":{"loc":{"start":{"line":187,"column":16},"end":{"line":187,"column":null}},"type":"cond-expr","locations":[{"start":{"line":187,"column":33},"end":{"line":187,"column":45}},{"start":{"line":187,"column":45},"end":{"line":187,"column":null}}],"line":187},"11":{"loc":{"start":{"line":222,"column":6},"end":{"line":225,"column":null}},"type":"if","locations":[{"start":{"line":222,"column":6},"end":{"line":225,"column":null}},{"start":{},"end":{}}],"line":222}},"s":{"0":1,"1":1,"2":1,"3":18,"4":18,"5":18,"6":18,"7":18,"8":18,"9":18,"10":18,"11":18,"12":10,"13":10,"14":0,"15":0,"16":0,"17":0,"18":0,"19":0,"20":0,"21":0,"22":0,"23":0,"24":0,"25":0,"26":0,"27":0,"28":0,"29":0,"30":0,"31":0,"32":0,"33":0,"34":0,"35":0,"36":0,"37":0,"38":0,"39":0,"40":0,"41":0,"42":0,"43":0,"44":0,"45":0,"46":0,"47":0,"48":0,"49":0,"50":0,"51":0,"52":0,"53":0,"54":0,"55":0,"56":0,"57":0,"58":0,"59":0,"60":0,"61":0,"62":18,"63":1,"64":1,"65":1,"66":1,"67":18,"68":1,"69":1,"70":1,"71":0,"72":0,"73":0,"74":0,"75":0,"76":18,"77":6,"78":6,"79":6,"80":6,"81":6,"82":5,"83":5,"84":1,"85":1,"86":1,"87":1,"88":4,"89":6,"90":1,"91":1,"92":1,"93":1,"94":3,"95":3,"96":1,"97":1,"98":18,"99":10,"100":10,"101":10,"102":10,"103":10,"104":0,"105":10,"106":10,"107":10,"108":10,"109":18,"110":10,"111":10,"112":10,"113":10,"114":10,"115":0,"116":0,"117":18},"f":{"0":18,"1":10,"2":0,"3":0,"4":0,"5":0,"6":0,"7":0,"8":0,"9":0,"10":1,"11":1,"12":0,"13":6,"14":10,"15":10,"16":10,"17":10,"18":10},"b":{"0":[10,0],"1":[0,0,0,0,0,0,0,0,0,0,0],"2":[0,0],"3":[0,0],"4":[1],"5":[1,0],"6":[1,0],"7":[1,4],"8":[4,0],"9":[1,5],"10":[2,1],"11":[0,10]},"meta":{"lastBranch":12,"lastFunction":19,"lastStatement":118,"seen":{"s:3:15:3:Infinity":0,"s:4:16:4:Infinity":1,"s:5:30:5:Infinity":2,"f:10:16:10:28":0,"s:11:8:11:Infinity":3,"s:12:8:12:Infinity":4,"s:13:8:13:Infinity":5,"s:16:22:16:Infinity":6,"s:17:26:17:Infinity":7,"s:20:23:20:Infinity":8,"s:21:21:21:Infinity":9,"s:24:19:24:Infinity":10,"s:27:8:118:Infinity":11,"f:27:20:27:38":1,"b:28:4:28:Infinity:undefined:undefined:undefined:undefined":0,"s:28:4:28:Infinity":12,"s:28:54:28:Infinity":13,"s:30:15:30:Infinity":14,"s:32:4:35:Infinity":15,"f:32:7:32:22":2,"s:33:6:33:Infinity":16,"s:34:6:34:Infinity":17,"s:37:4:41:Infinity":18,"f:37:7:37:23":3,"s:38:6:38:Infinity":19,"s:39:6:39:Infinity":20,"s:40:6:40:Infinity":21,"s:43:4:45:Infinity":22,"f:43:7:43:23":4,"s:44:6:44:Infinity":23,"s:47:4:115:Infinity":24,"f:47:7:47:20":5,"s:48:19:48:Infinity":25,"b:51:8:60:Infinity:62:8:64:Infinity:66:8:68:Infinity:70:8:72:Infinity:74:8:79:Infinity:81:8:83:Infinity:85:8:90:Infinity:92:8:94:Infinity:96:8:100:Infinity:102:8:110:Infinity:112:8:113:Infinity":1,"s:50:6:114:Infinity":26,"s:52:10:52:Infinity":27,"s:53:10:53:Infinity":28,"s:55:10:55:Infinity":29,"s:56:10:59:Infinity":30,"f:56:36:56:53":6,"s:57:12:57:Infinity":31,"s:58:12:58:Infinity":32,"s:60:10:60:Infinity":33,"s:63:10:63:Infinity":34,"s:64:10:64:Infinity":35,"s:67:10:67:Infinity":36,"s:68:10:68:Infinity":37,"s:71:10:71:Infinity":38,"s:72:10:72:Infinity":39,"s:75:10:78:Infinity":40,"f:75:10:75:23":7,"s:75:32:78:11":41,"s:79:10:79:Infinity":42,"s:82:10:82:Infinity":43,"s:83:10:83:Infinity":44,"s:86:10:89:Infinity":45,"b:87:35:87:47:87:47:87:Infinity":2,"s:90:10:90:Infinity":46,"s:93:10:93:Infinity":47,"s:94:10:94:Infinity":48,"s:97:10:97:Infinity":49,"s:98:10:98:Infinity":50,"s:99:10:99:Infinity":51,"f:99:10:99:25":8,"s:99:34:99:86":52,"b:99:34:99:42:99:42:99:86":3,"s:100:10:100:Infinity":53,"s:103:10:103:Infinity":54,"s:104:10:104:Infinity":55,"s:105:10:105:Infinity":56,"s:106:10:109:Infinity":57,"f:106:10:106:23":9,"s:106:32:109:11":58,"s:110:10:110:Infinity":59,"s:113:10:113:Infinity":60,"s:117:4:117:Infinity":61,"s:121:8:126:Infinity":62,"f:121:20:121:38":10,"s:122:4:122:Infinity":63,"s:123:4:123:Infinity":64,"s:124:4:124:Infinity":65,"s:125:4:125:Infinity":66,"s:129:8:148:Infinity":67,"f:129:21:129:Infinity":11,"b:130:24:130:34":4,"b:131:6:134:Infinity:undefined:undefined:undefined:undefined":5,"s:131:6:134:Infinity":68,"b:131:10:131:28:131:28:131:73":6,"s:132:8:132:Infinity":69,"s:133:8:133:Infinity":70,"s:137:6:140:Infinity":71,"f:137:6:137:19":12,"s:137:28:140:7":72,"s:142:6:142:Infinity":73,"s:143:6:143:Infinity":74,"s:145:6:145:Infinity":75,"s:151:8:197:Infinity":76,"f:151:35:151:42":13,"s:152:4:152:Infinity":77,"s:153:4:196:Infinity":78,"s:154:18:154:Infinity":79,"s:155:6:155:Infinity":80,"s:156:22:160:Infinity":81,"s:162:6:162:Infinity":82,"b:164:6:172:Infinity:undefined:undefined:undefined:undefined":7,"s:164:6:172:Infinity":83,"s:165:21:165:Infinity":84,"s:166:8:166:Infinity":85,"s:167:8:170:Infinity":86,"s:171:8:171:Infinity":87,"s:174:26:174:Infinity":88,"b:174:26:174:65:174:65:174:Infinity":8,"b:175:6:183:Infinity:undefined:undefined:undefined:undefined":9,"s:175:6:183:Infinity":89,"s:176:21:176:Infinity":90,"s:177:8:177:Infinity":91,"s:178:8:181:Infinity":92,"s:182:8:182:Infinity":93,"s:185:21:185:Infinity":94,"s:186:6:189:Infinity":95,"b:187:33:187:45:187:45:187:Infinity":10,"s:191:6:191:Infinity":96,"s:192:6:195:Infinity":97,"s:200:2:214:Infinity":98,"f:200:2:200:18":14,"s:201:17:209:Infinity":99,"f:201:17:201:29":15,"s:202:6:208:Infinity":100,"s:203:20:203:Infinity":101,"s:204:21:204:Infinity":102,"s:205:8:205:Infinity":103,"s:207:8:207:Infinity":104,"s:211:4:211:Infinity":105,"s:212:21:212:Infinity":106,"s:213:4:213:Infinity":107,"f:213:4:213:17":16,"s:213:17:213:Infinity":108,"s:217:2:227:Infinity":109,"f:217:2:217:18":17,"s:218:4:218:Infinity":110,"s:219:4:226:Infinity":111,"f:219:4:219:17":18,"s:220:6:220:Infinity":112,"s:221:6:221:Infinity":113,"b:222:6:225:Infinity:undefined:undefined:undefined:undefined":11,"s:222:6:225:Infinity":114,"s:223:8:223:Infinity":115,"s:224:8:224:Infinity":116,"s:229:2:239:Infinity":117},"fnNames":{}}}
}
