<?xml version="1.0" encoding="UTF-8"?>
<coverage generated="1781315177130" clover="3.2.0">
  <project timestamp="1781315177130" name="All files">
    <metrics statements="21" coveredstatements="20" conditionals="13" coveredconditionals="11" methods="4" coveredmethods="4" elements="38" coveredelements="35" complexity="0" loc="21" ncloc="21" packages="1" files="1" classes="1"/>
    <file name="utils.js" path="/Users/fathur/Herd/Fusion-Ai/backend/utils.js">
      <metrics statements="21" coveredstatements="20" conditionals="13" coveredconditionals="11" methods="4" coveredmethods="4"/>
      <line num="14" count="2" type="stmt"/>
      <line num="15" count="4" type="stmt"/>
      <line num="16" count="4" type="stmt"/>
      <line num="17" count="4" type="stmt"/>
      <line num="20" count="0" type="stmt"/>
      <line num="27" count="7" type="stmt"/>
      <line num="37" count="4" type="stmt"/>
      <line num="38" count="4" type="stmt"/>
      <line num="39" count="4" type="stmt"/>
      <line num="40" count="4" type="stmt"/>
      <line num="41" count="4" type="stmt"/>
      <line num="42" count="4" type="stmt"/>
      <line num="44" count="2" type="cond" truecount="1" falsecount="1"/>
      <line num="45" count="2" type="cond" truecount="2" falsecount="0"/>
      <line num="46" count="2" type="stmt"/>
      <line num="51" count="4" type="stmt"/>
      <line num="59" count="7" type="cond" truecount="4" falsecount="0"/>
      <line num="60" count="4" type="stmt"/>
      <line num="62" count="3" type="cond" truecount="2" falsecount="0"/>
      <line num="63" count="1" type="stmt"/>
      <line num="65" count="2" type="stmt"/>
    </file>
  </project>
</coverage>
