{"/Users/fathur/Herd/Fusion-Ai/backend/utils.js": {"path":"/Users/fathur/Herd/Fusion-Ai/backend/utils.js","statementMap":{"0":{"start":{"line":14,"column":2},"end":{"line":19,"column":null}},"1":{"start":{"line":15,"column":4},"end":{"line":18,"column":null}},"2":{"start":{"line":16,"column":5},"end":{"line":16,"column":null}},"3":{"start":{"line":17,"column":6},"end":{"line":17,"column":null}},"4":{"start":{"line":20,"column":2},"end":{"line":20,"column":null}},"5":{"start":{"line":27,"column":2},"end":{"line":30,"column":null}},"6":{"start":{"line":37,"column":17},"end":{"line":37,"column":66}},"7":{"start":{"line":38,"column":2},"end":{"line":52,"column":null}},"8":{"start":{"line":39,"column":3},"end":{"line":39,"column":null}},"9":{"start":{"line":40,"column":19},"end":{"line":40,"column":91}},"10":{"start":{"line":41,"column":3},"end":{"line":41,"column":null}},"11":{"start":{"line":42,"column":4},"end":{"line":42,"column":null}},"12":{"start":{"line":44,"column":19},"end":{"line":44,"column":52}},"13":{"start":{"line":45,"column":18},"end":{"line":45,"column":114}},"14":{"start":{"line":46,"column":4},"end":{"line":49,"column":null}},"15":{"start":{"line":51,"column":4},"end":{"line":51,"column":null}},"16":{"start":{"line":51,"column":9},"end":{"line":51,"column":30}},"17":{"start":{"line":59,"column":2},"end":{"line":61,"column":null}},"18":{"start":{"line":60,"column":4},"end":{"line":60,"column":null}},"19":{"start":{"line":62,"column":2},"end":{"line":64,"column":null}},"20":{"start":{"line":63,"column":4},"end":{"line":63,"column":null}},"21":{"start":{"line":65,"column":2},"end":{"line":65,"column":null}}},"fnMap":{"0":{"name":"detectPython","decl":{"start":{"line":13,"column":16},"end":{"line":13,"column":28}},"loc":{"start":{"line":13,"column":31},"end":{"line":21,"column":null}},"line":13},"1":{"name":"stripMarkdown","decl":{"start":{"line":26,"column":16},"end":{"line":26,"column":29}},"loc":{"start":{"line":26,"column":36},"end":{"line":31,"column":null}},"line":26},"2":{"name":"validatePython","decl":{"start":{"line":36,"column":16},"end":{"line":36,"column":30}},"loc":{"start":{"line":36,"column":60},"end":{"line":53,"column":null}},"line":36},"3":{"name":"validatePrompt","decl":{"start":{"line":58,"column":16},"end":{"line":58,"column":30}},"loc":{"start":{"line":58,"column":39},"end":{"line":66,"column":null}},"line":58}},"branchMap":{"0":{"loc":{"start":{"line":36,"column":37},"end":{"line":36,"column":58}},"type":"default-arg","locations":[{"start":{"line":36,"column":49},"end":{"line":36,"column":58}}],"line":36},"1":{"loc":{"start":{"line":44,"column":19},"end":{"line":44,"column":52}},"type":"binary-expr","locations":[{"start":{"line":44,"column":19},"end":{"line":44,"column":39}},{"start":{"line":44,"column":43},"end":{"line":44,"column":52}}],"line":44},"2":{"loc":{"start":{"line":45,"column":18},"end":{"line":45,"column":114}},"type":"binary-expr","locations":[{"start":{"line":45,"column":18},"end":{"line":45,"column":71}},{"start":{"line":45,"column":75},"end":{"line":45,"column":114}}],"line":45},"3":{"loc":{"start":{"line":48,"column":13},"end":{"line":48,"column":54}},"type":"cond-expr","locations":[{"start":{"line":48,"column":21},"end":{"line":48,"column":29}},{"start":{"line":48,"column":32},"end":{"line":48,"column":54}}],"line":48},"4":{"loc":{"start":{"line":59,"column":2},"end":{"line":61,"column":null}},"type":"if","locations":[{"start":{"line":59,"column":2},"end":{"line":61,"column":null}},{"start":{},"end":{}}],"line":59},"5":{"loc":{"start":{"line":59,"column":6},"end":{"line":59,"column":43}},"type":"binary-expr","locations":[{"start":{"line":59,"column":6},"end":{"line":59,"column":13}},{"start":{"line":59,"column":17},"end":{"line":59,"column":43}}],"line":59},"6":{"loc":{"start":{"line":62,"column":2},"end":{"line":64,"column":null}},"type":"if","locations":[{"start":{"line":62,"column":2},"end":{"line":64,"column":null}},{"start":{},"end":{}}],"line":62}},"s":{"0":2,"1":4,"2":4,"3":4,"4":0,"5":7,"6":4,"7":4,"8":4,"9":4,"10":4,"11":4,"12":2,"13":2,"14":2,"15":4,"16":4,"17":7,"18":4,"19":3,"20":1,"21":2},"f":{"0":2,"1":7,"2":4,"3":7},"b":{"0":[4],"1":[2,0],"2":[2,1],"3":[2,0],"4":[4,3],"5":[7,4],"6":[1,2]},"meta":{"lastBranch":7,"lastFunction":4,"lastStatement":22,"seen":{"f:13:16:13:28":0,"s:14:2:19:Infinity":0,"s:15:4:18:Infinity":1,"s:16:5:16:Infinity":2,"s:17:6:17:Infinity":3,"s:20:2:20:Infinity":4,"f:26:16:26:29":1,"s:27:2:30:Infinity":5,"f:36:16:36:30":2,"b:36:49:36:58":0,"s:37:17:37:66":6,"s:38:2:52:Infinity":7,"s:39:3:39:Infinity":8,"s:40:19:40:91":9,"s:41:3:41:Infinity":10,"s:42:4:42:Infinity":11,"s:44:19:44:52":12,"b:44:19:44:39:44:43:44:52":1,"s:45:18:45:114":13,"b:45:18:45:71:45:75:45:114":2,"s:46:4:49:Infinity":14,"b:48:21:48:29:48:32:48:54":3,"s:51:4:51:Infinity":15,"s:51:9:51:30":16,"f:58:16:58:30":3,"b:59:2:61:Infinity:undefined:undefined:undefined:undefined":4,"s:59:2:61:Infinity":17,"b:59:6:59:13:59:17:59:43":5,"s:60:4:60:Infinity":18,"b:62:2:64:Infinity:undefined:undefined:undefined:undefined":6,"s:62:2:64:Infinity":19,"s:63:4:63:Infinity":20,"s:65:2:65:Infinity":21},"fnNames":{}}}
}
